SF:lib/main.dart
DA:6,0
DA:7,0
DA:8,0
DA:12,0
DA:16,0
DA:18,0
DA:20,0
DA:21,0
DA:25,0
LF:9
LH:0
end_of_record
SF:lib/splash/splash.dart
DA:4,3
DA:6,1
DA:7,1
DA:11,1
DA:13,1
DA:19,1
DA:21,1
DA:22,2
DA:23,1
DA:24,1
DA:25,1
DA:31,1
DA:32,1
DA:34,1
DA:39,1
DA:40,1
DA:43,1
DA:44,1
DA:45,1
DA:46,1
DA:50,1
DA:52,1
DA:53,1
DA:58,1
DA:59,1
DA:60,1
DA:61,1
DA:63,1
DA:64,1
DA:65,1
DA:66,1
DA:67,1
DA:68,1
DA:69,1
DA:73,0
DA:74,1
DA:75,1
DA:79,1
DA:80,1
DA:81,1
DA:82,1
DA:83,1
DA:84,1
DA:85,1
DA:89,0
DA:90,1
DA:91,1
LF:47
LH:45
end_of_record
SF:lib/dependencies.dart
DA:5,0
DA:6,0
DA:7,0
DA:8,0
LF:4
LH:0
end_of_record
SF:lib/navigations.dart
DA:13,0
LF:1
LH:0
end_of_record
SF:lib/navigations.g.dart
DA:9,0
DA:10,0
DA:13,0
DA:19,0
DA:21,0
DA:25,0
DA:27,0
DA:29,0
DA:30,0
DA:32,0
LF:10
LH:0
end_of_record
